0 info it worked if it ends with ok
1 verbose cli [ '/usr/local/Cellar/node/5.2.0/bin/node',
1 verbose cli   '/usr/local/bin/npm',
1 verbose cli   'run',
1 verbose cli   'package-darwin' ]
2 info using npm@3.5.2
3 info using node@v5.2.0
4 verbose run-script [ 'prepackage-darwin', 'package-darwin', 'postpackage-darwin' ]
5 info lifecycle sikhjs@0.0.3~prepackage-darwin: sikhjs@0.0.3
6 silly lifecycle sikhjs@0.0.3~prepackage-darwin: no script for prepackage-darwin, continuing
7 info lifecycle sikhjs@0.0.3~package-darwin: sikhjs@0.0.3
8 verbose lifecycle sikhjs@0.0.3~package-darwin: unsafe-perm in lifecycle true
9 verbose lifecycle sikhjs@0.0.3~package-darwin: PATH: /usr/local/lib/node_modules/npm/bin/node-gyp-bin:/Users/divjotsingh/Work/Code/NodeJS/SikhJS/node_modules/.bin:/usr/local/bin:/usr/bin:/bin:/usr/sbin:/sbin:/opt/X11/bin:/usr/local/git/bin:/Users/divjotsingh/bin:/Users/divjotsingh/.meteor
10 verbose lifecycle sikhjs@0.0.3~package-darwin: CWD: /Users/divjotsingh/Work/Code/NodeJS/SikhJS
11 silly lifecycle sikhjs@0.0.3~package-darwin: Args: [ '-c',
11 silly lifecycle   'rm -rf SikhJS* && electron-packager . SikhJS --platform=darwin --arch=all --version=0.34.0 --ignore=(node_modules/babel*|docs/Documents)' ]
12 silly lifecycle sikhjs@0.0.3~package-darwin: Returned: code: 2  signal: null
13 info lifecycle sikhjs@0.0.3~package-darwin: Failed to exec package-darwin script
14 verbose stack Error: sikhjs@0.0.3 package-darwin: `rm -rf SikhJS* && electron-packager . SikhJS --platform=darwin --arch=all --version=0.34.0 --ignore=(node_modules/babel*|docs/Documents)`
14 verbose stack Exit status 2
14 verbose stack     at EventEmitter.<anonymous> (/usr/local/lib/node_modules/npm/lib/utils/lifecycle.js:232:16)
14 verbose stack     at emitTwo (events.js:88:13)
14 verbose stack     at EventEmitter.emit (events.js:173:7)
14 verbose stack     at ChildProcess.<anonymous> (/usr/local/lib/node_modules/npm/lib/utils/spawn.js:24:14)
14 verbose stack     at emitTwo (events.js:88:13)
14 verbose stack     at ChildProcess.emit (events.js:173:7)
14 verbose stack     at maybeClose (internal/child_process.js:819:16)
14 verbose stack     at Process.ChildProcess._handle.onexit (internal/child_process.js:212:5)
15 verbose pkgid sikhjs@0.0.3
16 verbose cwd /Users/divjotsingh/Work/Code/NodeJS/SikhJS
17 error Darwin 15.2.0
18 error argv "/usr/local/Cellar/node/5.2.0/bin/node" "/usr/local/bin/npm" "run" "package-darwin"
19 error node v5.2.0
20 error npm  v3.5.2
21 error code ELIFECYCLE
22 error sikhjs@0.0.3 package-darwin: `rm -rf SikhJS* && electron-packager . SikhJS --platform=darwin --arch=all --version=0.34.0 --ignore=(node_modules/babel*|docs/Documents)`
22 error Exit status 2
23 error Failed at the sikhjs@0.0.3 package-darwin script 'rm -rf SikhJS* && electron-packager . SikhJS --platform=darwin --arch=all --version=0.34.0 --ignore=(node_modules/babel*|docs/Documents)'.
23 error Make sure you have the latest version of node.js and npm installed.
23 error If you do, this is most likely a problem with the sikhjs package,
23 error not with npm itself.
23 error Tell the author that this fails on your system:
23 error     rm -rf SikhJS* && electron-packager . SikhJS --platform=darwin --arch=all --version=0.34.0 --ignore=(node_modules/babel*|docs/Documents)
23 error You can get information on how to open an issue for this project with:
23 error     npm bugs sikhjs
23 error Or if that isn't available, you can get their info via:
23 error     npm owner ls sikhjs
23 error There is likely additional logging output above.
24 verbose exit [ 1, true ]
